{"/home/erickreis/Documentos/GoStack/Módulo-3/Desafio-08-Fundamentos-React-Native/src/components/FloatingCart/index.tsx": {"path":"/home/erickreis/Documentos/GoStack/Módulo-3/Desafio-08-Fundamentos-React-Native/src/components/FloatingCart/index.tsx","statementMap":{"0":{"start":{"line":21,"column":31},"end":{"line":54,"column":1}},"1":{"start":{"line":22,"column":23},"end":{"line":22,"column":32}},"2":{"start":{"line":24,"column":21},"end":{"line":24,"column":36}},"3":{"start":{"line":26,"column":20},"end":{"line":33,"column":16}},"4":{"start":{"line":27,"column":18},"end":{"line":30,"column":5}},"5":{"start":{"line":28,"column":20},"end":{"line":28,"column":50}},"6":{"start":{"line":32,"column":4},"end":{"line":32,"column":30}},"7":{"start":{"line":35,"column":27},"end":{"line":37,"column":16}},"8":{"start":{"line":36,"column":4},"end":{"line":36,"column":64}},"9":{"start":{"line":36,"column":41},"end":{"line":36,"column":59}},"10":{"start":{"line":39,"column":2},"end":{"line":53,"column":4}},"11":{"start":{"line":43,"column":23},"end":{"line":43,"column":50}}},"fnMap":{"0":{"name":"(anonymous_0)","decl":{"start":{"line":21,"column":31},"end":{"line":21,"column":32}},"loc":{"start":{"line":21,"column":37},"end":{"line":54,"column":1}},"line":21},"1":{"name":"(anonymous_1)","decl":{"start":{"line":26,"column":28},"end":{"line":26,"column":29}},"loc":{"start":{"line":26,"column":34},"end":{"line":33,"column":3}},"line":26},"2":{"name":"(anonymous_2)","decl":{"start":{"line":28,"column":6},"end":{"line":28,"column":7}},"loc":{"start":{"line":28,"column":20},"end":{"line":28,"column":50}},"line":28},"3":{"name":"(anonymous_3)","decl":{"start":{"line":35,"column":35},"end":{"line":35,"column":36}},"loc":{"start":{"line":35,"column":41},"end":{"line":37,"column":3}},"line":35},"4":{"name":"(anonymous_4)","decl":{"start":{"line":36,"column":27},"end":{"line":36,"column":28}},"loc":{"start":{"line":36,"column":41},"end":{"line":36,"column":59}},"line":36},"5":{"name":"(anonymous_5)","decl":{"start":{"line":43,"column":17},"end":{"line":43,"column":18}},"loc":{"start":{"line":43,"column":23},"end":{"line":43,"column":50}},"line":43}},"branchMap":{},"s":{"0":2,"1":7,"2":7,"3":7,"4":5,"5":6,"6":5,"7":7,"8":5,"9":6,"10":7,"11":1},"f":{"0":7,"1":5,"2":6,"3":5,"4":6,"5":1},"b":{},"_coverageSchema":"43e27e138ebf9cfc5966b082cf9a028302ed4184","hash":"2a8bef5c2b04b428ab61f8d11030f64e1f9b8e13"}
,"/home/erickreis/Documentos/GoStack/Módulo-3/Desafio-08-Fundamentos-React-Native/src/components/FloatingCart/styles.ts": {"path":"/home/erickreis/Documentos/GoStack/Módulo-3/Desafio-08-Fundamentos-React-Native/src/components/FloatingCart/styles.ts","statementMap":{"0":{"start":{"line":3,"column":25},"end":{"line":13,"column":1}},"1":{"start":{"line":15,"column":27},"end":{"line":17,"column":1}},"2":{"start":{"line":19,"column":30},"end":{"line":23,"column":1}},"3":{"start":{"line":25,"column":26},"end":{"line":33,"column":1}},"4":{"start":{"line":35,"column":30},"end":{"line":41,"column":1}}},"fnMap":{},"branchMap":{},"s":{"0":2,"1":2,"2":2,"3":2,"4":2},"f":{},"b":{},"_coverageSchema":"43e27e138ebf9cfc5966b082cf9a028302ed4184","hash":"2dceb009f94b0ed52527ed2762cdc4db724cf845"}
,"/home/erickreis/Documentos/GoStack/Módulo-3/Desafio-08-Fundamentos-React-Native/src/hooks/cart.tsx": {"path":"/home/erickreis/Documentos/GoStack/Módulo-3/Desafio-08-Fundamentos-React-Native/src/hooks/cart.tsx","statementMap":{"0":{"start":{"line":26,"column":20},"end":{"line":26,"column":59}},"1":{"start":{"line":28,"column":31},"end":{"line":107,"column":1}},"2":{"start":{"line":29,"column":34},"end":{"line":29,"column":57}},"3":{"start":{"line":31,"column":2},"end":{"line":39,"column":9}},"4":{"start":{"line":33,"column":19},"end":{"line":33,"column":71}},"5":{"start":{"line":35,"column":6},"end":{"line":35,"column":46}},"6":{"start":{"line":35,"column":16},"end":{"line":35,"column":46}},"7":{"start":{"line":38,"column":4},"end":{"line":38,"column":19}},"8":{"start":{"line":41,"column":20},"end":{"line":60,"column":3}},"9":{"start":{"line":43,"column":27},"end":{"line":43,"column":77}},"10":{"start":{"line":43,"column":54},"end":{"line":43,"column":76}},"11":{"start":{"line":44,"column":6},"end":{"line":52,"column":7}},"12":{"start":{"line":45,"column":24},"end":{"line":45,"column":37}},"13":{"start":{"line":46,"column":8},"end":{"line":46,"column":44}},"14":{"start":{"line":47,"column":8},"end":{"line":47,"column":29}},"15":{"start":{"line":49,"column":36},"end":{"line":49,"column":43}},"16":{"start":{"line":50,"column":8},"end":{"line":50,"column":32}},"17":{"start":{"line":51,"column":8},"end":{"line":51,"column":47}},"18":{"start":{"line":54,"column":6},"end":{"line":57,"column":8}},"19":{"start":{"line":62,"column":20},"end":{"line":77,"column":3}},"20":{"start":{"line":64,"column":27},"end":{"line":64,"column":69}},"21":{"start":{"line":64,"column":54},"end":{"line":64,"column":68}},"22":{"start":{"line":65,"column":6},"end":{"line":74,"column":7}},"23":{"start":{"line":66,"column":24},"end":{"line":66,"column":37}},"24":{"start":{"line":67,"column":8},"end":{"line":67,"column":44}},"25":{"start":{"line":68,"column":8},"end":{"line":68,"column":29}},"26":{"start":{"line":70,"column":8},"end":{"line":73,"column":10}},"27":{"start":{"line":79,"column":20},"end":{"line":99,"column":3}},"28":{"start":{"line":81,"column":27},"end":{"line":81,"column":69}},"29":{"start":{"line":81,"column":54},"end":{"line":81,"column":68}},"30":{"start":{"line":82,"column":6},"end":{"line":96,"column":7}},"31":{"start":{"line":83,"column":24},"end":{"line":83,"column":37}},"32":{"start":{"line":85,"column":8},"end":{"line":89,"column":9}},"33":{"start":{"line":86,"column":10},"end":{"line":86,"column":42}},"34":{"start":{"line":88,"column":10},"end":{"line":88,"column":46}},"35":{"start":{"line":90,"column":8},"end":{"line":90,"column":29}},"36":{"start":{"line":92,"column":8},"end":{"line":95,"column":10}},"37":{"start":{"line":101,"column":16},"end":{"line":104,"column":3}},"38":{"start":{"line":102,"column":11},"end":{"line":102,"column":56}},"39":{"start":{"line":106,"column":2},"end":{"line":106,"column":79}},"40":{"start":{"line":110,"column":18},"end":{"line":110,"column":41}},"41":{"start":{"line":112,"column":2},"end":{"line":114,"column":3}},"42":{"start":{"line":113,"column":4},"end":{"line":113,"column":66}},"43":{"start":{"line":116,"column":2},"end":{"line":116,"column":17}}},"fnMap":{"0":{"name":"(anonymous_0)","decl":{"start":{"line":28,"column":31},"end":{"line":28,"column":32}},"loc":{"start":{"line":28,"column":49},"end":{"line":107,"column":1}},"line":28},"1":{"name":"(anonymous_1)","decl":{"start":{"line":31,"column":12},"end":{"line":31,"column":13}},"loc":{"start":{"line":31,"column":18},"end":{"line":39,"column":3}},"line":31},"2":{"name":"loadProducts","decl":{"start":{"line":32,"column":19},"end":{"line":32,"column":31}},"loc":{"start":{"line":32,"column":49},"end":{"line":36,"column":5}},"line":32},"3":{"name":"(anonymous_3)","decl":{"start":{"line":42,"column":4},"end":{"line":42,"column":5}},"loc":{"start":{"line":42,"column":21},"end":{"line":58,"column":5}},"line":42},"4":{"name":"(anonymous_4)","decl":{"start":{"line":43,"column":46},"end":{"line":43,"column":47}},"loc":{"start":{"line":43,"column":54},"end":{"line":43,"column":76}},"line":43},"5":{"name":"(anonymous_5)","decl":{"start":{"line":63,"column":4},"end":{"line":63,"column":5}},"loc":{"start":{"line":63,"column":16},"end":{"line":75,"column":5}},"line":63},"6":{"name":"(anonymous_6)","decl":{"start":{"line":64,"column":46},"end":{"line":64,"column":47}},"loc":{"start":{"line":64,"column":54},"end":{"line":64,"column":68}},"line":64},"7":{"name":"(anonymous_7)","decl":{"start":{"line":80,"column":4},"end":{"line":80,"column":5}},"loc":{"start":{"line":80,"column":16},"end":{"line":97,"column":5}},"line":80},"8":{"name":"(anonymous_8)","decl":{"start":{"line":81,"column":46},"end":{"line":81,"column":47}},"loc":{"start":{"line":81,"column":54},"end":{"line":81,"column":68}},"line":81},"9":{"name":"(anonymous_9)","decl":{"start":{"line":102,"column":4},"end":{"line":102,"column":5}},"loc":{"start":{"line":102,"column":11},"end":{"line":102,"column":56}},"line":102},"10":{"name":"useCart","decl":{"start":{"line":109,"column":9},"end":{"line":109,"column":16}},"loc":{"start":{"line":109,"column":32},"end":{"line":117,"column":1}},"line":109}},"branchMap":{"0":{"loc":{"start":{"line":35,"column":6},"end":{"line":35,"column":46}},"type":"if","locations":[{"start":{"line":35,"column":6},"end":{"line":35,"column":46}},{"start":{"line":35,"column":6},"end":{"line":35,"column":46}}],"line":35},"1":{"loc":{"start":{"line":44,"column":6},"end":{"line":52,"column":7}},"type":"if","locations":[{"start":{"line":44,"column":6},"end":{"line":52,"column":7}},{"start":{"line":44,"column":6},"end":{"line":52,"column":7}}],"line":44},"2":{"loc":{"start":{"line":65,"column":6},"end":{"line":74,"column":7}},"type":"if","locations":[{"start":{"line":65,"column":6},"end":{"line":74,"column":7}},{"start":{"line":65,"column":6},"end":{"line":74,"column":7}}],"line":65},"3":{"loc":{"start":{"line":82,"column":6},"end":{"line":96,"column":7}},"type":"if","locations":[{"start":{"line":82,"column":6},"end":{"line":96,"column":7}},{"start":{"line":82,"column":6},"end":{"line":96,"column":7}}],"line":82},"4":{"loc":{"start":{"line":85,"column":8},"end":{"line":89,"column":9}},"type":"if","locations":[{"start":{"line":85,"column":8},"end":{"line":89,"column":9}},{"start":{"line":85,"column":8},"end":{"line":89,"column":9}}],"line":85},"5":{"loc":{"start":{"line":112,"column":2},"end":{"line":114,"column":3}},"type":"if","locations":[{"start":{"line":112,"column":2},"end":{"line":114,"column":3}},{"start":{"line":112,"column":2},"end":{"line":114,"column":3}}],"line":112}},"s":{"0":1,"1":1,"2":16,"3":16,"4":5,"5":5,"6":2,"7":5,"8":16,"9":4,"10":0,"11":4,"12":0,"13":0,"14":0,"15":4,"16":4,"17":4,"18":4,"19":16,"20":3,"21":3,"22":3,"23":3,"24":3,"25":3,"26":3,"27":16,"28":2,"29":2,"30":2,"31":2,"32":2,"33":1,"34":1,"35":2,"36":2,"37":16,"38":16,"39":16,"40":16,"41":16,"42":0,"43":16},"f":{"0":16,"1":5,"2":5,"3":4,"4":0,"5":3,"6":3,"7":2,"8":2,"9":16,"10":16},"b":{"0":[2,3],"1":[0,4],"2":[3,0],"3":[2,0],"4":[1,1],"5":[0,16]},"_coverageSchema":"43e27e138ebf9cfc5966b082cf9a028302ed4184","hash":"b7975b5a2b4cbf17b6242125bb864fd9deca8e02"}
,"/home/erickreis/Documentos/GoStack/Módulo-3/Desafio-08-Fundamentos-React-Native/src/pages/Cart/index.tsx": {"path":"/home/erickreis/Documentos/GoStack/Módulo-3/Desafio-08-Fundamentos-React-Native/src/pages/Cart/index.tsx","statementMap":{"0":{"start":{"line":38,"column":23},"end":{"line":108,"column":1}},"1":{"start":{"line":39,"column":45},"end":{"line":39,"column":54}},"2":{"start":{"line":41,"column":20},"end":{"line":48,"column":16}},"3":{"start":{"line":42,"column":18},"end":{"line":45,"column":5}},"4":{"start":{"line":43,"column":20},"end":{"line":43,"column":50}},"5":{"start":{"line":47,"column":4},"end":{"line":47,"column":30}},"6":{"start":{"line":50,"column":27},"end":{"line":52,"column":16}},"7":{"start":{"line":51,"column":4},"end":{"line":51,"column":64}},"8":{"start":{"line":51,"column":41},"end":{"line":51,"column":59}},"9":{"start":{"line":54,"column":2},"end":{"line":107,"column":4}},"10":{"start":{"line":59,"column":32},"end":{"line":59,"column":39}},"11":{"start":{"line":65,"column":12},"end":{"line":97,"column":22}},"12":{"start":{"line":86,"column":33},"end":{"line":86,"column":51}},"13":{"start":{"line":92,"column":33},"end":{"line":92,"column":51}}},"fnMap":{"0":{"name":"(anonymous_0)","decl":{"start":{"line":38,"column":23},"end":{"line":38,"column":24}},"loc":{"start":{"line":38,"column":29},"end":{"line":108,"column":1}},"line":38},"1":{"name":"(anonymous_1)","decl":{"start":{"line":41,"column":28},"end":{"line":41,"column":29}},"loc":{"start":{"line":41,"column":34},"end":{"line":48,"column":3}},"line":41},"2":{"name":"(anonymous_2)","decl":{"start":{"line":43,"column":6},"end":{"line":43,"column":7}},"loc":{"start":{"line":43,"column":20},"end":{"line":43,"column":50}},"line":43},"3":{"name":"(anonymous_3)","decl":{"start":{"line":50,"column":35},"end":{"line":50,"column":36}},"loc":{"start":{"line":50,"column":41},"end":{"line":52,"column":3}},"line":50},"4":{"name":"(anonymous_4)","decl":{"start":{"line":51,"column":27},"end":{"line":51,"column":28}},"loc":{"start":{"line":51,"column":41},"end":{"line":51,"column":59}},"line":51},"5":{"name":"(anonymous_5)","decl":{"start":{"line":59,"column":24},"end":{"line":59,"column":25}},"loc":{"start":{"line":59,"column":32},"end":{"line":59,"column":39}},"line":59},"6":{"name":"(anonymous_6)","decl":{"start":{"line":64,"column":22},"end":{"line":64,"column":23}},"loc":{"start":{"line":65,"column":12},"end":{"line":97,"column":22}},"line":65},"7":{"name":"(anonymous_7)","decl":{"start":{"line":86,"column":27},"end":{"line":86,"column":28}},"loc":{"start":{"line":86,"column":33},"end":{"line":86,"column":51}},"line":86},"8":{"name":"(anonymous_8)","decl":{"start":{"line":92,"column":27},"end":{"line":92,"column":28}},"loc":{"start":{"line":92,"column":33},"end":{"line":92,"column":51}},"line":92}},"branchMap":{},"s":{"0":1,"1":5,"2":5,"3":5,"4":8,"5":5,"6":5,"7":5,"8":8,"9":5,"10":8,"11":8,"12":1,"13":1},"f":{"0":5,"1":5,"2":8,"3":5,"4":8,"5":8,"6":8,"7":1,"8":1},"b":{},"_coverageSchema":"43e27e138ebf9cfc5966b082cf9a028302ed4184","hash":"7575f5e29efaa29589845ff86a3236236b3c891a"}
,"/home/erickreis/Documentos/GoStack/Módulo-3/Desafio-08-Fundamentos-React-Native/src/pages/Cart/styles.ts": {"path":"/home/erickreis/Documentos/GoStack/Módulo-3/Desafio-08-Fundamentos-React-Native/src/pages/Cart/styles.ts","statementMap":{"0":{"start":{"line":12,"column":25},"end":{"line":15,"column":1}},"1":{"start":{"line":17,"column":32},"end":{"line":22,"column":1}},"2":{"start":{"line":24,"column":27},"end":{"line":26,"column":1}},"3":{"start":{"line":28,"column":23},"end":{"line":34,"column":1}},"4":{"start":{"line":36,"column":28},"end":{"line":39,"column":1}},"5":{"start":{"line":41,"column":37},"end":{"line":44,"column":1}},"6":{"start":{"line":46,"column":28},"end":{"line":48,"column":1}},"7":{"start":{"line":50,"column":37},"end":{"line":52,"column":1}},"8":{"start":{"line":54,"column":30},"end":{"line":57,"column":1}},"9":{"start":{"line":59,"column":34},"end":{"line":63,"column":1}},"10":{"start":{"line":65,"column":28},"end":{"line":71,"column":1}},"11":{"start":{"line":73,"column":31},"end":{"line":80,"column":1}},"12":{"start":{"line":82,"column":31},"end":{"line":88,"column":1}},"13":{"start":{"line":90,"column":28},"end":{"line":95,"column":1}},"14":{"start":{"line":97,"column":38},"end":{"line":107,"column":1}},"15":{"start":{"line":109,"column":33},"end":{"line":116,"column":1}},"16":{"start":{"line":118,"column":29},"end":{"line":122,"column":1}}},"fnMap":{},"branchMap":{},"s":{"0":1,"1":1,"2":1,"3":1,"4":1,"5":1,"6":1,"7":1,"8":1,"9":1,"10":1,"11":1,"12":1,"13":1,"14":1,"15":1,"16":1},"f":{},"b":{},"_coverageSchema":"43e27e138ebf9cfc5966b082cf9a028302ed4184","hash":"a3a5920b1fcbf79c9588e2761bf4d6f2d972d019"}
,"/home/erickreis/Documentos/GoStack/Módulo-3/Desafio-08-Fundamentos-React-Native/src/pages/Dashboard/index.tsx": {"path":"/home/erickreis/Documentos/GoStack/Módulo-3/Desafio-08-Fundamentos-React-Native/src/pages/Dashboard/index.tsx","statementMap":{"0":{"start":{"line":31,"column":28},"end":{"line":80,"column":1}},"1":{"start":{"line":32,"column":24},"end":{"line":32,"column":33}},"2":{"start":{"line":34,"column":34},"end":{"line":34,"column":57}},"3":{"start":{"line":36,"column":2},"end":{"line":44,"column":9}},"4":{"start":{"line":38,"column":6},"end":{"line":40,"column":9}},"5":{"start":{"line":39,"column":8},"end":{"line":39,"column":30}},"6":{"start":{"line":43,"column":4},"end":{"line":43,"column":19}},"7":{"start":{"line":47,"column":4},"end":{"line":47,"column":20}},"8":{"start":{"line":50,"column":2},"end":{"line":79,"column":4}},"9":{"start":{"line":55,"column":32},"end":{"line":55,"column":39}},"10":{"start":{"line":61,"column":12},"end":{"line":73,"column":22}},"11":{"start":{"line":68,"column":33},"end":{"line":68,"column":54}}},"fnMap":{"0":{"name":"(anonymous_0)","decl":{"start":{"line":31,"column":28},"end":{"line":31,"column":29}},"loc":{"start":{"line":31,"column":34},"end":{"line":80,"column":1}},"line":31},"1":{"name":"(anonymous_1)","decl":{"start":{"line":36,"column":12},"end":{"line":36,"column":13}},"loc":{"start":{"line":36,"column":18},"end":{"line":44,"column":3}},"line":36},"2":{"name":"loadProducts","decl":{"start":{"line":37,"column":19},"end":{"line":37,"column":31}},"loc":{"start":{"line":37,"column":49},"end":{"line":41,"column":5}},"line":37},"3":{"name":"(anonymous_3)","decl":{"start":{"line":38,"column":38},"end":{"line":38,"column":39}},"loc":{"start":{"line":38,"column":45},"end":{"line":40,"column":7}},"line":38},"4":{"name":"handleAddToCart","decl":{"start":{"line":46,"column":11},"end":{"line":46,"column":26}},"loc":{"start":{"line":46,"column":48},"end":{"line":48,"column":3}},"line":46},"5":{"name":"(anonymous_5)","decl":{"start":{"line":55,"column":24},"end":{"line":55,"column":25}},"loc":{"start":{"line":55,"column":32},"end":{"line":55,"column":39}},"line":55},"6":{"name":"(anonymous_6)","decl":{"start":{"line":60,"column":22},"end":{"line":60,"column":23}},"loc":{"start":{"line":61,"column":12},"end":{"line":73,"column":22}},"line":61},"7":{"name":"(anonymous_7)","decl":{"start":{"line":68,"column":27},"end":{"line":68,"column":28}},"loc":{"start":{"line":68,"column":33},"end":{"line":68,"column":54}},"line":68}},"branchMap":{},"s":{"0":1,"1":4,"2":4,"3":4,"4":2,"5":2,"6":2,"7":1,"8":4,"9":4,"10":4,"11":1},"f":{"0":4,"1":2,"2":2,"3":2,"4":1,"5":4,"6":4,"7":1},"b":{},"_coverageSchema":"43e27e138ebf9cfc5966b082cf9a028302ed4184","hash":"1d1a7a1126ddf4604452b0ffe7a4f4d3dbbd8221"}
,"/home/erickreis/Documentos/GoStack/Módulo-3/Desafio-08-Fundamentos-React-Native/src/pages/Dashboard/styles.ts": {"path":"/home/erickreis/Documentos/GoStack/Módulo-3/Desafio-08-Fundamentos-React-Native/src/pages/Dashboard/styles.ts","statementMap":{"0":{"start":{"line":11,"column":25},"end":{"line":14,"column":1}},"1":{"start":{"line":16,"column":32},"end":{"line":21,"column":1}},"2":{"start":{"line":23,"column":27},"end":{"line":30,"column":1}},"3":{"start":{"line":32,"column":23},"end":{"line":38,"column":1}},"4":{"start":{"line":40,"column":28},"end":{"line":44,"column":1}},"5":{"start":{"line":46,"column":28},"end":{"line":49,"column":1}},"6":{"start":{"line":51,"column":30},"end":{"line":57,"column":1}},"7":{"start":{"line":59,"column":28},"end":{"line":63,"column":1}},"8":{"start":{"line":65,"column":29},"end":{"line":65,"column":54}}},"fnMap":{},"branchMap":{},"s":{"0":1,"1":1,"2":1,"3":1,"4":1,"5":1,"6":1,"7":1,"8":1},"f":{},"b":{},"_coverageSchema":"43e27e138ebf9cfc5966b082cf9a028302ed4184","hash":"353c12230590ecbf85d93a89c266fd2d2d387ddd"}
,"/home/erickreis/Documentos/GoStack/Módulo-3/Desafio-08-Fundamentos-React-Native/src/services/api.ts": {"path":"/home/erickreis/Documentos/GoStack/Módulo-3/Desafio-08-Fundamentos-React-Native/src/services/api.ts","statementMap":{"0":{"start":{"line":3,"column":12},"end":{"line":5,"column":2}}},"fnMap":{},"branchMap":{},"s":{"0":1},"f":{},"b":{},"_coverageSchema":"43e27e138ebf9cfc5966b082cf9a028302ed4184","hash":"da9d22588c2b358465407394b4ffb1fcea63e6b2"}
,"/home/erickreis/Documentos/GoStack/Módulo-3/Desafio-08-Fundamentos-React-Native/src/utils/formatValue.ts": {"path":"/home/erickreis/Documentos/GoStack/Módulo-3/Desafio-08-Fundamentos-React-Native/src/utils/formatValue.ts","statementMap":{"0":{"start":{"line":1,"column":20},"end":{"line":5,"column":18}},"1":{"start":{"line":2,"column":2},"end":{"line":5,"column":18}}},"fnMap":{"0":{"name":"(anonymous_0)","decl":{"start":{"line":1,"column":20},"end":{"line":1,"column":21}},"loc":{"start":{"line":2,"column":2},"end":{"line":5,"column":18}},"line":2}},"branchMap":{},"s":{"0":1,"1":6},"f":{"0":6},"b":{},"_coverageSchema":"43e27e138ebf9cfc5966b082cf9a028302ed4184","hash":"16f07ca4da735634025107c45826d2526921f445"}
}
