TN:
SF:/home/erickreis/Documentos/GoStack/Módulo-3/Desafio-08-Fundamentos-React-Native/src/components/FloatingCart/index.tsx
FN:21,(anonymous_0)
FN:26,(anonymous_1)
FN:28,(anonymous_2)
FN:35,(anonymous_3)
FN:36,(anonymous_4)
FN:43,(anonymous_5)
FNF:6
FNH:6
FNDA:7,(anonymous_0)
FNDA:5,(anonymous_1)
FNDA:6,(anonymous_2)
FNDA:5,(anonymous_3)
FNDA:6,(anonymous_4)
FNDA:1,(anonymous_5)
DA:21,2
DA:22,7
DA:24,7
DA:26,7
DA:27,5
DA:28,6
DA:32,5
DA:35,7
DA:36,6
DA:39,7
DA:43,1
LF:11
LH:11
BRF:0
BRH:0
end_of_record
TN:
SF:/home/erickreis/Documentos/GoStack/Módulo-3/Desafio-08-Fundamentos-React-Native/src/components/FloatingCart/styles.ts
FNF:0
FNH:0
DA:3,2
DA:15,2
DA:19,2
DA:25,2
DA:35,2
LF:5
LH:5
BRF:0
BRH:0
end_of_record
TN:
SF:/home/erickreis/Documentos/GoStack/Módulo-3/Desafio-08-Fundamentos-React-Native/src/hooks/cart.tsx
FN:28,(anonymous_0)
FN:31,(anonymous_1)
FN:32,loadProducts
FN:42,(anonymous_3)
FN:43,(anonymous_4)
FN:63,(anonymous_5)
FN:64,(anonymous_6)
FN:80,(anonymous_7)
FN:81,(anonymous_8)
FN:102,(anonymous_9)
FN:109,useCart
FNF:11
FNH:10
FNDA:16,(anonymous_0)
FNDA:5,(anonymous_1)
FNDA:5,loadProducts
FNDA:4,(anonymous_3)
FNDA:0,(anonymous_4)
FNDA:3,(anonymous_5)
FNDA:3,(anonymous_6)
FNDA:2,(anonymous_7)
FNDA:2,(anonymous_8)
FNDA:16,(anonymous_9)
FNDA:16,useCart
DA:26,1
DA:28,1
DA:29,16
DA:31,16
DA:33,5
DA:35,5
DA:38,5
DA:41,16
DA:43,4
DA:44,4
DA:45,0
DA:46,0
DA:47,0
DA:49,4
DA:50,4
DA:51,4
DA:54,4
DA:62,16
DA:64,3
DA:65,3
DA:66,3
DA:67,3
DA:68,3
DA:70,3
DA:79,16
DA:81,2
DA:82,2
DA:83,2
DA:85,2
DA:86,1
DA:88,1
DA:90,2
DA:92,2
DA:101,16
DA:102,16
DA:106,16
DA:110,16
DA:112,16
DA:113,0
DA:116,16
LF:40
LH:36
BRDA:35,0,0,2
BRDA:35,0,1,3
BRDA:44,1,0,0
BRDA:44,1,1,4
BRDA:65,2,0,3
BRDA:65,2,1,0
BRDA:82,3,0,2
BRDA:82,3,1,0
BRDA:85,4,0,1
BRDA:85,4,1,1
BRDA:112,5,0,0
BRDA:112,5,1,16
BRF:12
BRH:8
end_of_record
TN:
SF:/home/erickreis/Documentos/GoStack/Módulo-3/Desafio-08-Fundamentos-React-Native/src/pages/Cart/index.tsx
FN:38,(anonymous_0)
FN:41,(anonymous_1)
FN:43,(anonymous_2)
FN:50,(anonymous_3)
FN:51,(anonymous_4)
FN:59,(anonymous_5)
FN:64,(anonymous_6)
FN:86,(anonymous_7)
FN:92,(anonymous_8)
FNF:9
FNH:9
FNDA:5,(anonymous_0)
FNDA:5,(anonymous_1)
FNDA:8,(anonymous_2)
FNDA:5,(anonymous_3)
FNDA:8,(anonymous_4)
FNDA:8,(anonymous_5)
FNDA:8,(anonymous_6)
FNDA:1,(anonymous_7)
FNDA:1,(anonymous_8)
DA:38,1
DA:39,5
DA:41,5
DA:42,5
DA:43,8
DA:47,5
DA:50,5
DA:51,8
DA:54,5
DA:59,8
DA:65,8
DA:86,1
DA:92,1
LF:13
LH:13
BRF:0
BRH:0
end_of_record
TN:
SF:/home/erickreis/Documentos/GoStack/Módulo-3/Desafio-08-Fundamentos-React-Native/src/pages/Cart/styles.ts
FNF:0
FNH:0
DA:12,1
DA:17,1
DA:24,1
DA:28,1
DA:36,1
DA:41,1
DA:46,1
DA:50,1
DA:54,1
DA:59,1
DA:65,1
DA:73,1
DA:82,1
DA:90,1
DA:97,1
DA:109,1
DA:118,1
LF:17
LH:17
BRF:0
BRH:0
end_of_record
TN:
SF:/home/erickreis/Documentos/GoStack/Módulo-3/Desafio-08-Fundamentos-React-Native/src/pages/Dashboard/index.tsx
FN:31,(anonymous_0)
FN:36,(anonymous_1)
FN:37,loadProducts
FN:38,(anonymous_3)
FN:46,handleAddToCart
FN:55,(anonymous_5)
FN:60,(anonymous_6)
FN:68,(anonymous_7)
FNF:8
FNH:8
FNDA:4,(anonymous_0)
FNDA:2,(anonymous_1)
FNDA:2,loadProducts
FNDA:2,(anonymous_3)
FNDA:1,handleAddToCart
FNDA:4,(anonymous_5)
FNDA:4,(anonymous_6)
FNDA:1,(anonymous_7)
DA:31,1
DA:32,4
DA:34,4
DA:36,4
DA:38,2
DA:39,2
DA:43,2
DA:47,1
DA:50,4
DA:55,4
DA:61,4
DA:68,1
LF:12
LH:12
BRF:0
BRH:0
end_of_record
TN:
SF:/home/erickreis/Documentos/GoStack/Módulo-3/Desafio-08-Fundamentos-React-Native/src/pages/Dashboard/styles.ts
FNF:0
FNH:0
DA:11,1
DA:16,1
DA:23,1
DA:32,1
DA:40,1
DA:46,1
DA:51,1
DA:59,1
DA:65,1
LF:9
LH:9
BRF:0
BRH:0
end_of_record
TN:
SF:/home/erickreis/Documentos/GoStack/Módulo-3/Desafio-08-Fundamentos-React-Native/src/services/api.ts
FNF:0
FNH:0
DA:3,1
LF:1
LH:1
BRF:0
BRH:0
end_of_record
TN:
SF:/home/erickreis/Documentos/GoStack/Módulo-3/Desafio-08-Fundamentos-React-Native/src/utils/formatValue.ts
FN:1,(anonymous_0)
FNF:1
FNH:1
FNDA:6,(anonymous_0)
DA:1,1
DA:2,6
LF:2
LH:2
BRF:0
BRH:0
end_of_record
